Performing system checks...

System check identified no issues (0 silenced).
June 21, 2016 - 15:08:22
Django version 1.9.5, using settings 'ops_system.settings'
Starting development server at http://0.0.0.0:8080/
Quit the server with CONTROL-C.
/usr/local/python2.7/lib/python2.7/site-packages/django/template/loader.py:97: RemovedInDjango110Warning: render() must be called with a dict, not a RequestContext.
  return template.render(context, request)

[21/Jun/2016 15:13:48] "GET /saltstack/hosts/cmd_run HTTP/1.1" 200 9483
[21/Jun/2016 15:19:08] "GET /saltstack/hosts/list_cmd_run_info HTTP/1.1" 200 8919
[21/Jun/2016 15:20:50] "GET /saltstack/hosts/host_info HTTP/1.1" 200 9868
[21/Jun/2016 15:20:52] "GET /saltstack/hosts/host_info?page=2 HTTP/1.1" 200 9912
[21/Jun/2016 15:20:53] "GET /saltstack/hosts/host_info?page=3 HTTP/1.1" 200 8038
[21/Jun/2016 15:20:54] "GET /saltstack/hosts/host_info?page=2 HTTP/1.1" 200 9912
[21/Jun/2016 15:20:55] "GET /saltstack/hosts/host_info?page=1 HTTP/1.1" 200 9868
[21/Jun/2016 15:20:56] "GET /saltstack/hosts/host_info?page=2 HTTP/1.1" 200 9912
[21/Jun/2016 15:20:57] "GET /saltstack/hosts/host_info?page=1 HTTP/1.1" 200 9868
[21/Jun/2016 15:21:01] "GET /saltstack/hosts/cmd_run HTTP/1.1" 200 9483
Not Found: /http:/zc.qq.com/cgi-bin/common/attr
[21/Jun/2016 15:32:36] "GET http://zc.qq.com/cgi-bin/common/attr?id=260714&r=0.6360552309748026 HTTP/1.1" 404 1736
[21/Jun/2016 15:51:34] "GET / HTTP/1.1" 302 0
[21/Jun/2016 15:51:35] "GET /index/ HTTP/1.1" 200 9310
[21/Jun/2016 15:51:39] "GET /saltstack/hosts/list_cmd_run_info HTTP/1.1" 200 8919
[21/Jun/2016 15:51:46] "GET /saltstack/hosts/cmd_run HTTP/1.1" 200 9483
[21/Jun/2016 15:52:35] "POST /saltstack/hosts/cmd_run HTTP/1.1" 200 9777
[21/Jun/2016 15:52:41] "POST /saltstack/hosts/cmd_run HTTP/1.1" 200 9777
[21/Jun/2016 15:53:55] "POST /saltstack/hosts/cmd_run HTTP/1.1" 200 9777
Performing system checks...

System check identified no issues (0 silenced).
June 21, 2016 - 15:08:32
Django version 1.9.5, using settings 'ops_system.settings'
Starting development server at http://0.0.0.0:8080/
Quit the server with CONTROL-C.
- db-redis
- htbl.meitianhui.com
- test_ops_omp_server
- supply_img
- supply_web3
- supply_web2
- supply_web4
- base_platform_db
- ops_node1
- loading_balance
- bangnihui
- dip_node1
- app_api
- web3
- web1
- portal
- web5
- svn
- mobile
- WEB_DB
- mps_node2
- mps_node1
- img001
- db-master
- self
local:
    - master.pem
    - master.pub
minions:
    - app_api
    - bangnihui
    - base_platform_db
    - db-master
    - db-redis
    - dip_node1
    - htbl.meitianhui.com
    - img001
    - loading_balance
    - mobile
    - mps_node1
    - mps_node2
    - ops_node1
    - portal
    - self
    - supply_img
    - supply_web2
    - supply_web3
    - supply_web4
    - svn
    - test_ops_omp_server
    - web1
    - web3
    - web5
    - WEB_DB
minions_denied:
minions_pre:
minions_rejected:
- db-redis
- htbl.meitianhui.com
- test_ops_omp_server
- supply_img
- supply_web3
- supply_web2
- supply_web4
- base_platform_db
- ops_node1
- loading_balance
- bangnihui
- dip_node1
- app_api
- web3
- web1
- portal
- web5
- svn
- mobile
- WEB_DB
- mps_node2
- mps_node1
- img001
- db-master
- self
local:
    - master.pem
    - master.pub
minions:
    - app_api
    - bangnihui
    - base_platform_db
    - db-master
    - db-redis
    - dip_node1
    - htbl.meitianhui.com
    - img001
    - loading_balance
    - mobile
    - mps_node1
    - mps_node2
    - ops_node1
    - portal
    - self
    - supply_img
    - supply_web2
    - supply_web3
    - supply_web4
    - svn
    - test_ops_omp_server
    - web1
    - web3
    - web5
    - WEB_DB
minions_denied:
minions_pre:
minions_rejected:
- db-redis
- htbl.meitianhui.com
- test_ops_omp_server
- supply_img
- supply_web3
- supply_web2
- supply_web4
- base_platform_db
- ops_node1
- loading_balance
- bangnihui
- dip_node1
- app_api
- web3
- web1
- portal
- web5
- svn
- mobile
- WEB_DB
- mps_node2
- mps_node1
- img001
- db-master
- self
local:
    - master.pem
    - master.pub
minions:
    - app_api
    - bangnihui
    - base_platform_db
    - db-master
    - db-redis
    - dip_node1
    - htbl.meitianhui.com
    - img001
    - loading_balance
    - mobile
    - mps_node1
    - mps_node2
    - ops_node1
    - portal
    - self
    - supply_img
    - supply_web2
    - supply_web3
    - supply_web4
    - svn
    - test_ops_omp_server
    - web1
    - web3
    - web5
    - WEB_DB
minions_denied:
minions_pre:
minions_rejected:
- db-redis
- htbl.meitianhui.com
- test_ops_omp_server
- supply_img
- supply_web3
- supply_web2
- supply_web4
- base_platform_db
- ops_node1
- loading_balance
- bangnihui
- dip_node1
- app_api
- web3
- web1
- portal
- web5
- svn
- mobile
- WEB_DB
- mps_node2
- mps_node1
- img001
- db-master
- self
local:
    - master.pem
    - master.pub
minions:
    - app_api
    - bangnihui
    - base_platform_db
    - db-master
    - db-redis
    - dip_node1
    - htbl.meitianhui.com
    - img001
    - loading_balance
    - mobile
    - mps_node1
    - mps_node2
    - ops_node1
    - portal
    - self
    - supply_img
    - supply_web2
    - supply_web3
    - supply_web4
    - svn
    - test_ops_omp_server
    - web1
    - web3
    - web5
    - WEB_DB
minions_denied:
minions_pre:
minions_rejected:
- db-redis
- htbl.meitianhui.com
- test_ops_omp_server
- supply_img
- supply_web3
- supply_web2
- supply_web4
- base_platform_db
- ops_node1
- loading_balance
- bangnihui
- dip_node1
- app_api
- web3
- web1
- portal
- web5
- svn
- mobile
- WEB_DB
- mps_node2
- mps_node1
- img001
- db-master
- self
local:
    - master.pem
    - master.pub
minions:
    - app_api
    - bangnihui
    - base_platform_db
    - db-master
    - db-redis
    - dip_node1
    - htbl.meitianhui.com
    - img001
    - loading_balance
    - mobile
    - mps_node1
    - mps_node2
    - ops_node1
    - portal
    - self
    - supply_img
    - supply_web2
    - supply_web3
    - supply_web4
    -[21/Jun/2016 15:58:32] "POST /saltstack/hosts/cmd_run HTTP/1.1" 200 9777
 svn
    - test_ops_omp_server
    - web1
    - web3
    - web5
    - WEB_DB
minions_denied:
minions_pre:
minions_rejected:
Performing system checks...

System check identified no issues (0 silenced).
June 21, 2016 - 15:58:51
Django version 1.9.5, using settings 'ops_system.settings'
Starting development server at http://0.0.0.0:8080/
Quit the server with CONTROL-C.
Performing system checks...

System check identified no issues (0 silenced).
June 21, 2016 - 16:07:12
Django version 1.9.5, using settings 'ops_system.settings'
Starting development server at http://0.0.0.0:8080/
Quit the server with CONTROL-C.
Not Found: /http:/zc.qq.com/cgi-bin/common/attr
[21/Jun/2016 16:44:17] "GET http://zc.qq.com/cgi-bin/common/attr?id=260714&r=0.5678451346573485 HTTP/1.1" 404 1736
Performing system checks...

System check identified no issues (0 silenced).
June 21, 2016 - 16:15:26
Django version 1.9.5, using settings 'ops_system.settings'
Starting development server at http://0.0.0.0:8080/
Quit the server with CONTROL-C.
Performing system checks...

System check identified no issues (0 silenced).
June 21, 2016 - 17:35:43
Django version 1.9.5, using settings 'ops_system.settings'
Starting development server at http://0.0.0.0:8080/
Quit the server with CONTROL-C.
